SF:lib\main.dart
DA:17,0
DA:18,0
DA:19,0
DA:20,0
DA:22,0
DA:26,6
DA:28,0
DA:29,0
DA:30,0
DA:33,2
DA:34,2
DA:37,2
DA:39,2
DA:42,0
DA:44,2
DA:47,2
DA:49,2
DA:52,0
DA:54,2
DA:57,0
DA:59,2
DA:62,0
DA:64,2
DA:67,0
DA:69,2
DA:72,0
DA:73,0
DA:74,0
DA:75,0
DA:76,0
DA:78,0
DA:85,1
DA:87,2
DA:89,2
DA:90,2
DA:91,2
DA:94,2
DA:95,2
DA:97,2
LF:39
LH:20
end_of_record
SF:lib\models\product.dart
DA:22,1
LF:1
LH:1
end_of_record
SF:lib\firebase_options.dart
DA:18,0
DA:22,0
DA:23,0
DA:25,0
DA:27,0
DA:28,0
DA:32,0
DA:34,0
DA:35,0
DA:40,0
LF:10
LH:0
end_of_record
SF:lib\views\home_page.dart
DA:9,1
DA:11,2
DA:12,2
DA:44,1
DA:45,1
DA:48,2
DA:49,2
DA:52,0
DA:53,0
DA:56,0
DA:57,0
DA:60,0
DA:61,0
DA:64,0
DA:65,0
DA:68,0
DA:69,0
DA:72,0
DA:76,2
DA:78,2
DA:79,4
DA:80,0
DA:82,0
DA:86,2
DA:88,4
DA:89,4
DA:90,2
DA:93,2
DA:95,2
DA:96,2
DA:97,2
DA:99,0
DA:100,0
DA:101,0
DA:102,0
DA:103,0
DA:104,0
DA:105,0
DA:106,0
DA:108,2
DA:109,2
DA:110,2
DA:111,2
DA:112,2
DA:113,0
DA:114,0
DA:115,0
DA:116,0
DA:117,0
DA:118,4
DA:119,0
DA:120,0
DA:124,2
DA:127,2
DA:128,2
DA:132,2
DA:133,2
DA:134,6
DA:135,0
DA:136,0
DA:138,0
DA:140,0
DA:141,0
DA:142,0
DA:144,0
DA:147,0
DA:149,0
DA:151,2
DA:153,4
DA:155,2
DA:156,0
DA:157,4
DA:158,0
DA:160,6
DA:163,2
DA:164,2
DA:165,2
DA:166,2
DA:167,4
DA:171,2
DA:172,2
DA:180,2
DA:184,2
DA:186,2
DA:187,2
DA:188,8
DA:197,2
DA:198,8
DA:208,2
DA:209,4
DA:210,0
DA:211,0
DA:212,0
DA:213,0
DA:214,0
DA:216,2
DA:217,2
DA:218,2
DA:219,2
DA:222,2
DA:224,10
DA:231,2
DA:235,2
DA:236,2
DA:237,4
DA:238,2
DA:239,2
DA:240,0
DA:241,0
DA:242,0
DA:243,0
DA:245,0
DA:246,0
DA:247,0
DA:248,0
DA:250,0
DA:259,2
DA:261,2
DA:263,2
DA:264,2
DA:274,2
DA:278,8
DA:281,6
DA:283,2
DA:302,2
DA:307,2
DA:309,2
DA:310,0
DA:311,0
DA:313,2
DA:315,2
DA:316,2
DA:317,2
DA:318,4
DA:320,0
DA:321,0
DA:322,0
DA:330,2
DA:332,2
DA:334,2
DA:335,4
DA:340,10
DA:341,2
DA:342,4
DA:346,2
DA:347,4
DA:350,2
DA:351,2
DA:352,4
DA:356,2
DA:357,2
DA:358,14
DA:378,2
DA:388,2
DA:390,2
DA:392,2
DA:394,2
DA:396,2
DA:397,2
DA:399,2
DA:401,2
DA:402,2
DA:405,2
DA:409,2
DA:411,6
DA:412,4
DA:413,2
DA:415,2
DA:419,2
DA:428,2
DA:431,2
DA:441,2
DA:444,2
DA:445,2
DA:447,2
DA:448,2
DA:449,2
LF:177
LH:119
end_of_record
SF:lib\views\product_page.dart
DA:11,0
DA:13,0
DA:14,0
DA:22,0
DA:24,0
DA:25,0
DA:26,0
DA:30,0
DA:31,0
DA:34,0
DA:35,0
DA:38,0
DA:39,0
DA:42,0
DA:43,0
DA:44,0
DA:45,0
DA:48,0
DA:50,0
DA:52,0
DA:53,0
DA:54,0
DA:56,0
DA:57,0
DA:58,0
DA:59,0
DA:60,0
DA:61,0
DA:62,0
DA:63,0
DA:65,0
DA:66,0
DA:67,0
DA:68,0
DA:69,0
DA:70,0
DA:71,0
DA:72,0
DA:73,0
DA:74,0
DA:75,0
DA:76,0
DA:77,0
DA:79,0
DA:81,0
DA:82,0
DA:85,0
DA:86,0
DA:87,0
DA:96,0
DA:97,0
DA:99,0
DA:100,0
DA:102,0
DA:107,0
DA:108,0
DA:110,0
DA:111,0
DA:113,0
DA:116,0
DA:118,0
DA:124,0
DA:125,0
DA:126,0
DA:127,0
DA:128,0
DA:130,0
DA:132,0
DA:133,0
DA:134,0
DA:135,0
DA:136,0
DA:137,0
DA:141,0
DA:142,0
DA:143,0
DA:164,0
DA:165,0
DA:168,0
DA:170,0
DA:172,0
DA:191,0
DA:192,0
DA:194,0
DA:196,0
DA:197,0
DA:207,0
DA:209,0
DA:210,0
DA:211,0
DA:213,0
DA:215,0
DA:223,0
DA:224,0
DA:225,0
DA:226,0
DA:227,0
DA:235,0
DA:236,0
DA:245,0
DA:246,0
DA:247,0
DA:269,0
DA:272,0
DA:273,0
DA:274,0
DA:275,0
DA:276,0
DA:279,0
DA:281,0
DA:282,0
DA:285,0
DA:287,0
DA:288,0
DA:289,0
DA:290,0
DA:299,0
DA:312,0
DA:313,0
DA:314,0
DA:315,0
DA:317,0
DA:319,0
DA:320,0
DA:322,0
DA:323,0
DA:326,0
DA:328,0
DA:329,0
DA:336,0
DA:338,0
DA:339,0
DA:348,0
DA:350,0
DA:351,0
DA:355,0
DA:356,0
DA:359,0
DA:360,0
DA:361,0
DA:366,0
DA:367,0
DA:368,0
DA:369,0
DA:370,0
DA:373,0
DA:375,0
DA:376,0
DA:378,0
DA:379,0
DA:384,0
DA:385,0
DA:387,0
DA:411,0
DA:412,0
DA:413,0
DA:415,0
LF:157
LH:0
end_of_record
SF:lib\views\gallery_page.dart
DA:8,1
DA:10,0
DA:11,0
DA:14,0
DA:15,0
DA:18,0
DA:19,0
DA:22,0
DA:23,0
DA:26,0
DA:30,0
DA:31,0
DA:34,2
DA:36,2
DA:37,2
DA:39,2
DA:41,0
DA:42,0
DA:43,0
DA:44,0
DA:45,0
DA:46,0
DA:47,0
DA:48,0
DA:50,2
DA:51,2
DA:52,2
DA:54,2
DA:55,0
DA:56,0
DA:57,0
DA:58,0
DA:59,0
DA:60,0
DA:61,2
DA:62,0
DA:63,3
DA:67,2
DA:69,2
DA:71,2
DA:72,2
DA:91,2
DA:95,8
DA:98,6
DA:100,2
DA:119,2
DA:124,2
DA:126,2
DA:127,0
DA:128,0
DA:130,2
DA:132,2
DA:133,2
DA:134,2
DA:135,2
DA:136,2
DA:137,2
DA:138,4
DA:140,0
DA:141,0
DA:142,0
DA:150,4
DA:151,2
DA:154,2
DA:156,2
DA:158,2
DA:169,2
DA:171,2
DA:173,2
DA:174,4
DA:179,10
DA:180,2
DA:181,4
DA:185,2
DA:186,4
DA:189,2
DA:190,2
DA:191,4
DA:195,2
DA:196,2
DA:197,14
LF:81
LH:50
end_of_record
SF:lib\views\about_us_page.dart
DA:7,1
DA:9,0
DA:10,0
DA:13,0
DA:17,0
DA:18,0
DA:21,0
DA:22,0
DA:25,0
DA:27,0
DA:29,0
DA:31,0
DA:33,0
DA:34,0
DA:35,0
DA:36,0
DA:37,0
DA:38,0
DA:39,0
DA:40,0
DA:42,0
DA:43,0
DA:44,0
DA:45,0
DA:46,0
DA:47,0
DA:48,0
DA:49,0
DA:50,0
DA:51,0
DA:52,0
DA:53,0
DA:54,0
DA:58,0
DA:60,0
DA:62,0
LF:36
LH:1
end_of_record
SF:lib\views\search_page.dart
DA:8,1
DA:10,0
DA:11,0
DA:19,0
DA:20,0
DA:21,0
DA:24,0
DA:25,0
DA:26,0
DA:28,0
DA:32,0
DA:33,0
DA:36,0
DA:38,0
DA:39,0
DA:42,0
DA:44,0
DA:45,0
DA:46,0
DA:48,0
DA:49,0
DA:50,0
DA:51,0
DA:52,0
DA:53,0
DA:54,0
DA:55,0
DA:57,0
DA:58,0
DA:59,0
DA:60,0
DA:61,0
DA:62,0
DA:63,0
DA:64,0
DA:65,0
DA:66,0
DA:67,0
DA:68,0
DA:69,0
DA:71,0
DA:74,0
DA:75,0
DA:76,0
DA:77,0
DA:79,0
DA:82,0
DA:84,0
DA:85,0
DA:87,0
DA:88,0
DA:89,0
DA:93,0
DA:94,0
DA:99,0
DA:102,0
DA:113,0
DA:114,0
DA:115,0
DA:125,0
DA:135,0
DA:138,0
DA:139,0
DA:140,0
DA:141,0
DA:143,0
DA:144,0
DA:145,0
DA:146,0
DA:147,0
DA:153,0
DA:154,0
DA:155,0
DA:156,0
DA:157,0
DA:165,0
DA:166,0
DA:167,0
DA:168,0
DA:170,0
DA:171,0
DA:172,0
DA:174,0
DA:175,0
DA:176,0
DA:177,0
DA:181,0
DA:187,0
DA:188,0
DA:189,0
DA:190,0
DA:191,0
DA:194,0
DA:195,0
DA:196,0
DA:197,0
DA:198,0
DA:200,0
DA:202,0
DA:203,0
DA:204,0
DA:206,0
DA:207,0
DA:212,0
DA:214,0
DA:215,0
DA:216,0
DA:218,0
DA:219,0
DA:225,0
LF:110
LH:1
end_of_record
SF:lib\views\sale_page.dart
DA:8,1
DA:10,0
DA:12,0
DA:14,0
DA:16,0
DA:18,0
DA:20,0
DA:21,0
DA:22,0
DA:23,0
DA:24,0
DA:25,0
DA:26,0
DA:27,0
DA:29,0
DA:30,0
DA:31,0
DA:32,0
DA:33,0
DA:34,0
DA:35,0
DA:36,0
DA:37,0
DA:38,0
DA:39,0
DA:40,0
DA:41,0
DA:43,0
DA:67,0
DA:69,0
DA:70,0
DA:83,0
DA:85,0
DA:87,0
DA:89,0
DA:91,0
DA:92,0
DA:97,0
DA:98,0
DA:99,0
DA:100,0
DA:101,0
DA:102,0
DA:110,0
DA:111,0
DA:117,0
DA:118,0
DA:122,0
DA:123,0
DA:125,0
DA:126,0
LF:51
LH:1
end_of_record
SF:lib\models\cart.dart
DA:4,0
DA:6,0
DA:7,0
DA:15,0
DA:21,0
DA:22,0
DA:28,0
DA:30,0
DA:32,0
DA:33,0
DA:34,0
DA:36,0
DA:38,0
DA:41,0
DA:42,0
DA:43,0
DA:44,0
DA:47,0
DA:48,0
DA:49,0
DA:52,0
DA:53,0
DA:54,0
DA:58,2
DA:59,2
DA:61,0
DA:62,0
DA:63,0
DA:64,0
DA:67,0
LF:30
LH:2
end_of_record
SF:lib\views\cart_page.dart
DA:8,1
DA:10,0
DA:11,0
DA:17,0
DA:18,0
DA:21,0
DA:22,0
DA:25,0
DA:26,0
DA:29,0
DA:30,0
DA:33,0
DA:34,0
DA:37,0
DA:39,0
DA:41,0
DA:43,0
DA:45,0
DA:46,0
DA:47,0
DA:49,0
DA:50,0
DA:51,0
DA:52,0
DA:53,0
DA:54,0
DA:55,0
DA:56,0
DA:58,0
DA:59,0
DA:60,0
DA:61,0
DA:62,0
DA:63,0
DA:64,0
DA:65,0
DA:66,0
DA:67,0
DA:68,0
DA:69,0
DA:70,0
DA:72,0
DA:74,0
DA:75,0
DA:77,0
DA:94,0
DA:95,0
DA:96,0
DA:98,0
DA:99,0
DA:109,0
DA:112,0
DA:113,0
DA:114,0
DA:115,0
DA:116,0
DA:117,0
DA:118,0
DA:123,0
DA:124,0
DA:126,0
DA:127,0
DA:128,0
DA:129,0
DA:132,0
DA:134,0
DA:140,0
DA:142,0
DA:143,0
DA:144,0
DA:146,0
DA:148,0
DA:153,0
DA:154,0
LF:74
LH:1
end_of_record
SF:lib\views\print_shack_page.dart
DA:9,1
DA:11,0
DA:12,0
DA:23,0
DA:25,0
DA:26,0
DA:27,0
DA:30,0
DA:32,0
DA:33,0
DA:34,0
DA:37,0
DA:41,0
DA:47,0
DA:50,0
DA:51,0
DA:58,0
DA:59,0
DA:62,0
DA:63,0
DA:66,0
DA:67,0
DA:70,0
DA:71,0
DA:72,0
DA:73,0
DA:76,0
DA:77,0
DA:80,0
DA:81,0
DA:84,0
DA:86,0
DA:87,0
DA:88,0
DA:94,0
DA:95,0
DA:102,0
DA:103,0
DA:104,0
DA:106,0
DA:107,0
DA:108,0
DA:109,0
DA:111,0
DA:115,0
DA:116,0
DA:118,0
DA:120,0
DA:121,0
DA:123,0
DA:124,0
DA:129,0
DA:130,0
DA:132,0
DA:137,0
DA:139,0
DA:141,0
DA:142,0
DA:143,0
DA:145,0
DA:146,0
DA:147,0
DA:148,0
DA:149,0
DA:150,0
DA:151,0
DA:152,0
DA:154,0
DA:155,0
DA:156,0
DA:157,0
DA:158,0
DA:159,0
DA:160,0
DA:161,0
DA:162,0
DA:163,0
DA:164,0
DA:165,0
DA:166,0
DA:168,0
DA:170,0
DA:174,0
DA:183,0
DA:184,0
DA:186,0
DA:187,0
DA:189,0
DA:194,0
DA:195,0
DA:197,0
DA:198,0
DA:200,0
DA:203,0
DA:205,0
DA:211,0
DA:212,0
DA:213,0
DA:214,0
DA:215,0
DA:217,0
DA:219,0
DA:220,0
DA:221,0
DA:224,0
DA:225,0
DA:226,0
DA:228,0
DA:229,0
DA:232,0
DA:235,0
DA:237,0
DA:238,0
DA:252,0
DA:253,0
DA:255,0
DA:268,0
DA:270,0
DA:271,0
DA:272,0
DA:274,0
DA:275,0
DA:296,0
DA:298,0
DA:306,0
DA:307,0
DA:316,0
DA:318,0
DA:326,0
DA:327,0
DA:350,0
DA:351,0
DA:352,0
DA:353,0
DA:354,0
DA:368,0
DA:369,0
DA:370,0
DA:385,0
DA:386,0
DA:387,0
DA:388,0
DA:390,0
DA:391,0
DA:394,0
DA:396,0
DA:397,0
DA:403,0
DA:412,0
DA:413,0
DA:414,0
DA:415,0
DA:417,0
DA:418,0
DA:421,0
DA:423,0
DA:424,0
DA:431,0
DA:438,0
DA:439,0
DA:440,0
DA:441,0
DA:442,0
DA:444,0
DA:446,0
DA:447,0
DA:449,0
DA:450,0
DA:451,0
DA:452,0
DA:457,0
DA:459,0
DA:460,0
DA:467,0
DA:469,0
DA:470,0
DA:471,0
DA:478,0
DA:481,0
DA:483,0
DA:484,0
DA:488,0
DA:489,0
DA:492,0
DA:502,0
DA:505,0
DA:507,0
DA:508,0
DA:509,0
DA:510,0
DA:512,0
DA:514,0
DA:524,0
DA:526,0
DA:528,0
DA:534,0
DA:537,0
DA:539,0
DA:540,0
DA:541,0
DA:542,0
DA:544,0
DA:546,0
DA:548,0
LF:204
LH:1
end_of_record
SF:lib\widgets\footer.dart
DA:5,1
DA:7,2
DA:8,2
DA:14,2
DA:16,4
DA:17,2
DA:20,0
DA:21,0
DA:23,0
DA:24,0
DA:25,0
DA:29,0
DA:33,0
DA:34,0
DA:35,0
DA:36,0
DA:50,0
DA:51,0
DA:52,0
DA:60,0
DA:61,0
DA:62,0
DA:63,0
DA:64,0
DA:69,2
DA:71,8
DA:73,2
DA:78,0
DA:79,2
DA:83,0
DA:84,0
DA:86,0
DA:87,0
DA:89,0
DA:91,0
DA:93,0
DA:98,2
DA:99,2
DA:101,2
DA:102,2
DA:104,2
DA:106,2
DA:108,2
DA:113,2
DA:114,2
DA:116,2
DA:127,2
DA:128,2
DA:129,2
DA:134,2
DA:135,2
DA:137,2
DA:148,2
DA:149,2
DA:150,2
DA:151,2
DA:156,2
DA:157,2
DA:159,2
DA:170,2
DA:171,2
DA:172,2
DA:173,2
DA:174,2
DA:175,2
DA:177,2
DA:178,2
DA:179,2
DA:185,2
DA:186,2
DA:188,2
DA:199,2
DA:201,2
DA:202,2
DA:203,2
DA:204,2
DA:205,2
DA:207,2
DA:209,4
DA:211,2
DA:216,2
DA:217,2
DA:224,2
DA:225,2
DA:226,2
DA:233,2
DA:234,2
DA:245,2
DA:246,2
DA:248,2
DA:250,2
DA:251,2
LF:92
LH:66
end_of_record
SF:lib\widgets\responsive_header.dart
DA:17,2
DA:31,2
DA:40,2
DA:41,2
DA:42,2
DA:44,2
DA:45,2
DA:47,2
DA:48,2
DA:50,8
DA:54,2
DA:57,0
DA:60,2
DA:63,0
DA:66,2
DA:69,0
DA:71,2
DA:74,0
DA:76,2
DA:79,0
DA:81,2
DA:82,2
DA:85,0
DA:87,2
DA:90,0
DA:92,2
DA:95,0
DA:103,2
DA:106,8
DA:108,2
DA:109,0
DA:110,2
DA:114,2
DA:115,2
DA:116,2
DA:127,2
DA:128,2
DA:130,2
DA:132,2
DA:133,2
DA:134,2
DA:135,0
DA:136,2
DA:147,2
DA:149,2
DA:150,2
DA:153,2
DA:156,1
DA:158,1
DA:159,1
DA:162,0
DA:164,1
DA:167,0
DA:169,1
DA:172,0
DA:174,1
DA:177,1
DA:178,1
DA:179,2
DA:181,0
DA:187,2
DA:189,2
DA:190,2
DA:191,3
DA:192,2
DA:193,2
DA:201,2
DA:202,2
DA:203,6
DA:204,2
DA:205,2
DA:213,2
DA:214,2
DA:215,0
DA:216,2
DA:217,2
DA:225,2
DA:226,0
DA:227,2
DA:228,2
DA:236,2
DA:237,0
DA:238,2
DA:239,2
DA:247,2
DA:248,2
DA:251,0
DA:253,2
DA:256,0
DA:258,2
DA:261,0
LF:91
LH:71
end_of_record
